[debug] [2020-12-13T04:55:45.802Z] ----------------------------------------------------------------------
[debug] [2020-12-13T04:55:45.807Z] Command:       C:\Program Files\nodejs\node.exe C:\Users\localadmin\AppData\Roaming\npm\node_modules\firebase-tools\lib\bin\firebase.js init
[debug] [2020-12-13T04:55:45.808Z] CLI Version:   8.19.0
[debug] [2020-12-13T04:55:45.808Z] Platform:      win32
[debug] [2020-12-13T04:55:45.808Z] Node Version:  v14.15.0
[debug] [2020-12-13T04:55:45.811Z] Time:          Sat Dec 12 2020 22:55:45 GMT-0600 (Central Standard Time)
[debug] [2020-12-13T04:55:45.811Z] ----------------------------------------------------------------------
[debug] [2020-12-13T04:55:45.812Z] 
[debug] [2020-12-13T04:55:45.825Z] > command requires scopes: ["email","openid","https://www.googleapis.com/auth/cloudplatformprojects.readonly","https://www.googleapis.com/auth/firebase","https://www.googleapis.com/auth/cloud-platform"]
[debug] [2020-12-13T04:55:45.827Z] > authorizing via signed-in user
[info] 
     ######## #### ########  ######## ########     ###     ######  ########
     ##        ##  ##     ## ##       ##     ##  ##   ##  ##       ##
     ######    ##  ########  ######   ########  #########  ######  ######
     ##        ##  ##    ##  ##       ##     ## ##     ##       ## ##
     ##       #### ##     ## ######## ########  ##     ##  ######  ########

You're about to initialize a Firebase project in this directory:

  D:\04_Training\Evangadi\Portfolio\Apple_Bootstrap\Apple-Bootstrap-Replica - JS

[info] 
=== Project Setup
[info] 
[info] First, let's associate this project directory with a Firebase project.
[info] You can create multiple project aliases by running firebase use --add, 
[info] but for now we'll just set up a default project.
[info] 
[debug] [2020-12-13T04:56:16.114Z] >>> HTTP REQUEST GET https://firebase.googleapis.com/v1beta1/projects?pageSize=100  
 
[debug] [2020-12-13T04:56:16.398Z] <<< HTTP RESPONSE 200 {"content-type":"application/json; charset=UTF-8","vary":"X-Origin, Referer, Origin,Accept-Encoding","date":"Sun, 13 Dec 2020 04:56:16 GMT","server":"ESF","cache-control":"private","x-xss-protection":"0","x-frame-options":"SAMEORIGIN","x-content-type-options":"nosniff","alt-svc":"h3-29=\":443\"; ma=2592000,h3-T051=\":443\"; ma=2592000,h3-Q050=\":443\"; ma=2592000,h3-Q046=\":443\"; ma=2592000,h3-Q043=\":443\"; ma=2592000,quic=\":443\"; ma=2592000; v=\"46,43\"","accept-ranges":"none","transfer-encoding":"chunked"}
